<?xml version="1.0" encoding="UTF-8"?>
<!-- Generated by org.testng.reporters.JUnitReportReporter -->
<testsuite hostname="DESKTOP-3DPRU8F" failures="0" tests="3" name="Myclass" time="13.424" errors="0" timestamp="2023-11-18T22:09:05 PST" skipped="0">
  <testcase classname="Myclass" name="AddFourItems" time="5.187"/>
  <system-out/>
  <testcase classname="Myclass" name="AddTwoItems" time="4.013"/>
  <system-out/>
  <testcase classname="Myclass" name="AddThreeItems" time="4.224"/>
  <system-out/>
</testsuite> <!-- Myclass -->
